<?xml version="1.0" encoding="UTF-8"?>
<testsuite xmlns:xsi="http://www.w3.org/2001/XMLSchema-instance" xsi:noNamespaceSchemaLocation="https://maven.apache.org/surefire/maven-surefire-plugin/xsd/surefire-test-report.xsd" name="com.tecnotree.mplayAmdocs.AppTest" time="0.026" tests="1" errors="0" skipped="0" failures="0">
  <properties>
    <property name="java.specification.version" value="16"/>
    <property name="sun.cpu.isalist" value="amd64"/>
    <property name="sun.jnu.encoding" value="Cp1252"/>
    <property name="java.class.path" value="C:\Users\cevalfr\git\MplayAmdocsMigration\MplayAmdocs\REF03_Ph3_OperationalTool-api\target\test-classes;C:\Users\cevalfr\git\MplayAmdocsMigration\MplayAmdocs\REF03_Ph3_OperationalTool-api\target\classes;C:\Users\cevalfr\.m2\repository\junit\junit\4.11\junit-4.11.jar;C:\Users\cevalfr\.m2\repository\org\hamcrest\hamcrest-core\1.3\hamcrest-core-1.3.jar;C:\Users\cevalfr\.m2\repository\com\tecnotree\Tn3TDPTools\0.1-SNAPSHOT\Tn3TDPTools-0.1-SNAPSHOT.jar;C:\Users\cevalfr\.m2\repository\commons-net\commons-net\3.6\commons-net-3.6.jar;C:\Users\cevalfr\.m2\repository\com\jcraft\jsch\0.1.54\jsch-0.1.54.jar;C:\Users\cevalfr\.m2\repository\mysql\mysql-connector-java\8.0.24\mysql-connector-java-8.0.24.jar;C:\Users\cevalfr\.m2\repository\com\google\protobuf\protobuf-java\3.11.4\protobuf-java-3.11.4.jar;C:\Users\cevalfr\.m2\repository\org\mongodb\mongo-java-driver\3.12.10\mongo-java-driver-3.12.10.jar;C:\Users\cevalfr\.m2\repository\org\camunda\bpm\dmn\camunda-engine-dmn\7.17.0-alpha5\camunda-engine-dmn-7.17.0-alpha5.jar;C:\Users\cevalfr\.m2\repository\org\camunda\commons\camunda-commons-utils\1.10.0\camunda-commons-utils-1.10.0.jar;C:\Users\cevalfr\.m2\repository\org\camunda\commons\camunda-commons-typed-values\7.17.0-alpha5\camunda-commons-typed-values-7.17.0-alpha5.jar;C:\Users\cevalfr\.m2\repository\org\camunda\bpm\model\camunda-dmn-model\7.17.0-alpha5\camunda-dmn-model-7.17.0-alpha5.jar;C:\Users\cevalfr\.m2\repository\org\camunda\bpm\model\camunda-xml-model\7.17.0-alpha5\camunda-xml-model-7.17.0-alpha5.jar;C:\Users\cevalfr\.m2\repository\org\camunda\bpm\dmn\camunda-engine-feel-scala\7.17.0-alpha5\camunda-engine-feel-scala-7.17.0-alpha5.jar;C:\Users\cevalfr\.m2\repository\org\camunda\feel\feel-engine\1.13.3\feel-engine-1.13.3-scala-shaded.jar;C:\Users\cevalfr\.m2\repository\com\fasterxml\jackson\core\jackson-databind\2.13.2\jackson-databind-2.13.2.jar;C:\Users\cevalfr\.m2\repository\com\fasterxml\jackson\core\jackson-annotations\2.13.2\jackson-annotations-2.13.2.jar;C:\Users\cevalfr\.m2\repository\com\fasterxml\jackson\core\jackson-core\2.13.2\jackson-core-2.13.2.jar;C:\Users\cevalfr\.m2\repository\org\camunda\bpm\dmn\camunda-engine-feel-juel\7.17.0-alpha5\camunda-engine-feel-juel-7.17.0-alpha5.jar;C:\Users\cevalfr\.m2\repository\org\camunda\commons\camunda-commons-logging\1.10.0\camunda-commons-logging-1.10.0.jar;C:\Users\cevalfr\.m2\repository\org\slf4j\slf4j-api\1.7.26\slf4j-api-1.7.26.jar;C:\Users\cevalfr\.m2\repository\org\camunda\bpm\dmn\camunda-engine-feel-api\7.17.0-alpha5\camunda-engine-feel-api-7.17.0-alpha5.jar;C:\Users\cevalfr\.m2\repository\de\odysseus\juel\juel-api\2.2.7\juel-api-2.2.7.jar;C:\Users\cevalfr\.m2\repository\de\odysseus\juel\juel-impl\2.2.7\juel-impl-2.2.7.jar;C:\Users\cevalfr\.m2\repository\de\odysseus\juel\juel-spi\2.2.7\juel-spi-2.2.7.jar;C:\Users\cevalfr\.m2\repository\org\camunda\spin\camunda-spin-dataformat-all\1.14.0\camunda-spin-dataformat-all-1.14.0.jar;C:\Users\cevalfr\.m2\repository\org\camunda\spin\camunda-spin-core\1.14.0\camunda-spin-core-1.14.0.jar;C:\Users\cevalfr\.m2\repository\org\json\json\20220320\json-20220320.jar;C:\Users\cevalfr\.m2\repository\org\camunda\feel\feel-engine\1.13.3\feel-engine-1.13.3.jar;C:\Users\cevalfr\.m2\repository\org\scala-lang\scala-library\2.13.6\scala-library-2.13.6.jar;C:\Users\cevalfr\.m2\repository\com\lihaoyi\fastparse_2.13\2.3.2\fastparse_2.13-2.3.2.jar;C:\Users\cevalfr\.m2\repository\com\lihaoyi\sourcecode_2.13\0.2.3\sourcecode_2.13-0.2.3.jar;C:\Users\cevalfr\.m2\repository\com\lihaoyi\geny_2.13\0.6.7\geny_2.13-0.6.7.jar;C:\Users\cevalfr\.m2\repository\org\slf4j\slf4j-simple\1.7.21\slf4j-simple-1.7.21.jar;C:\Users\cevalfr\.m2\repository\org\slf4j\slf4j-jdk14\1.7.25\slf4j-jdk14-1.7.25.jar;C:\Users\cevalfr\.m2\repository\org\elasticsearch\client\elasticsearch-rest-high-level-client\6.8.17\elasticsearch-rest-high-level-client-6.8.17.jar;C:\Users\cevalfr\.m2\repository\org\elasticsearch\elasticsearch\6.8.17\elasticsearch-6.8.17.jar;C:\Users\cevalfr\.m2\repository\org\elasticsearch\elasticsearch-core\6.8.17\elasticsearch-core-6.8.17.jar;C:\Users\cevalfr\.m2\repository\org\elasticsearch\elasticsearch-secure-sm\6.8.17\elasticsearch-secure-sm-6.8.17.jar;C:\Users\cevalfr\.m2\repository\org\elasticsearch\elasticsearch-x-content\6.8.17\elasticsearch-x-content-6.8.17.jar;C:\Users\cevalfr\.m2\repository\org\yaml\snakeyaml\1.17\snakeyaml-1.17.jar;C:\Users\cevalfr\.m2\repository\com\fasterxml\jackson\dataformat\jackson-dataformat-smile\2.8.11\jackson-dataformat-smile-2.8.11.jar;C:\Users\cevalfr\.m2\repository\com\fasterxml\jackson\dataformat\jackson-dataformat-yaml\2.8.11\jackson-dataformat-yaml-2.8.11.jar;C:\Users\cevalfr\.m2\repository\com\fasterxml\jackson\dataformat\jackson-dataformat-cbor\2.8.11\jackson-dataformat-cbor-2.8.11.jar;C:\Users\cevalfr\.m2\repository\org\apache\lucene\lucene-core\7.7.3\lucene-core-7.7.3.jar;C:\Users\cevalfr\.m2\repository\org\apache\lucene\lucene-analyzers-common\7.7.3\lucene-analyzers-common-7.7.3.jar;C:\Users\cevalfr\.m2\repository\org\apache\lucene\lucene-backward-codecs\7.7.3\lucene-backward-codecs-7.7.3.jar;C:\Users\cevalfr\.m2\repository\org\apache\lucene\lucene-grouping\7.7.3\lucene-grouping-7.7.3.jar;C:\Users\cevalfr\.m2\repository\org\apache\lucene\lucene-highlighter\7.7.3\lucene-highlighter-7.7.3.jar;C:\Users\cevalfr\.m2\repository\org\apache\lucene\lucene-join\7.7.3\lucene-join-7.7.3.jar;C:\Users\cevalfr\.m2\repository\org\apache\lucene\lucene-memory\7.7.3\lucene-memory-7.7.3.jar;C:\Users\cevalfr\.m2\repository\org\apache\lucene\lucene-misc\7.7.3\lucene-misc-7.7.3.jar;C:\Users\cevalfr\.m2\repository\org\apache\lucene\lucene-queries\7.7.3\lucene-queries-7.7.3.jar;C:\Users\cevalfr\.m2\repository\org\apache\lucene\lucene-queryparser\7.7.3\lucene-queryparser-7.7.3.jar;C:\Users\cevalfr\.m2\repository\org\apache\lucene\lucene-sandbox\7.7.3\lucene-sandbox-7.7.3.jar;C:\Users\cevalfr\.m2\repository\org\apache\lucene\lucene-spatial\7.7.3\lucene-spatial-7.7.3.jar;C:\Users\cevalfr\.m2\repository\org\apache\lucene\lucene-spatial-extras\7.7.3\lucene-spatial-extras-7.7.3.jar;C:\Users\cevalfr\.m2\repository\org\apache\lucene\lucene-spatial3d\7.7.3\lucene-spatial3d-7.7.3.jar;C:\Users\cevalfr\.m2\repository\org\apache\lucene\lucene-suggest\7.7.3\lucene-suggest-7.7.3.jar;C:\Users\cevalfr\.m2\repository\org\elasticsearch\elasticsearch-cli\6.8.17\elasticsearch-cli-6.8.17.jar;C:\Users\cevalfr\.m2\repository\net\sf\jopt-simple\jopt-simple\5.0.2\jopt-simple-5.0.2.jar;C:\Users\cevalfr\.m2\repository\com\carrotsearch\hppc\0.7.1\hppc-0.7.1.jar;C:\Users\cevalfr\.m2\repository\joda-time\joda-time\2.10.10\joda-time-2.10.10.jar;C:\Users\cevalfr\.m2\repository\com\tdunning\t-digest\3.2\t-digest-3.2.jar;C:\Users\cevalfr\.m2\repository\org\hdrhistogram\HdrHistogram\2.1.9\HdrHistogram-2.1.9.jar;C:\Users\cevalfr\.m2\repository\org\elasticsearch\jna\5.5.0\jna-5.5.0.jar;C:\Users\cevalfr\.m2\repository\org\elasticsearch\client\elasticsearch-rest-client\6.8.17\elasticsearch-rest-client-6.8.17.jar;C:\Users\cevalfr\.m2\repository\org\apache\httpcomponents\httpclient\4.5.2\httpclient-4.5.2.jar;C:\Users\cevalfr\.m2\repository\org\apache\httpcomponents\httpcore\4.4.5\httpcore-4.4.5.jar;C:\Users\cevalfr\.m2\repository\org\apache\httpcomponents\httpasyncclient\4.1.2\httpasyncclient-4.1.2.jar;C:\Users\cevalfr\.m2\repository\org\apache\httpcomponents\httpcore-nio\4.4.5\httpcore-nio-4.4.5.jar;C:\Users\cevalfr\.m2\repository\commons-codec\commons-codec\1.10\commons-codec-1.10.jar;C:\Users\cevalfr\.m2\repository\commons-logging\commons-logging\1.1.3\commons-logging-1.1.3.jar;C:\Users\cevalfr\.m2\repository\org\elasticsearch\plugin\parent-join-client\6.8.17\parent-join-client-6.8.17.jar;C:\Users\cevalfr\.m2\repository\org\elasticsearch\plugin\aggs-matrix-stats-client\6.8.17\aggs-matrix-stats-client-6.8.17.jar;C:\Users\cevalfr\.m2\repository\org\elasticsearch\plugin\rank-eval-client\6.8.17\rank-eval-client-6.8.17.jar;C:\Users\cevalfr\.m2\repository\org\elasticsearch\plugin\lang-mustache-client\6.8.17\lang-mustache-client-6.8.17.jar;C:\Users\cevalfr\.m2\repository\com\github\spullara\mustache\java\compiler\0.9.3\compiler-0.9.3.jar;C:\Users\cevalfr\.m2\repository\org\apache\logging\log4j\log4j-core\2.11.1\log4j-core-2.11.1.jar;C:\Users\cevalfr\.m2\repository\org\apache\logging\log4j\log4j-api\2.11.1\log4j-api-2.11.1.jar;C:\Users\cevalfr\.m2\repository\com\google\code\gson\gson\2.8.7\gson-2.8.7.jar;"/>
    <property name="java.vm.vendor" value="Oracle Corporation"/>
    <property name="sun.arch.data.model" value="64"/>
    <property name="user.variant" value=""/>
    <property name="java.vendor.url" value="https://java.oracle.com/"/>
    <property name="user.timezone" value="America/Bogota"/>
    <property name="os.name" value="Windows 10"/>
    <property name="java.vm.specification.version" value="16"/>
    <property name="sun.java.launcher" value="SUN_STANDARD"/>
    <property name="user.country" value="US"/>
    <property name="sun.boot.library.path" value="C:\Program Files\Java\jdk-16.0.1\bin"/>
    <property name="sun.java.command" value="C:\Users\cevalfr\AppData\Local\Temp\surefire3007611800886133527\surefirebooter6749148955654213268.jar C:\Users\cevalfr\AppData\Local\Temp\surefire3007611800886133527 2022-04-26T13-34-31_756-jvmRun1 surefire6458452183941468851tmp surefire_07327148788831799684tmp"/>
    <property name="jdk.debug" value="release"/>
    <property name="surefire.test.class.path" value="C:\Users\cevalfr\git\MplayAmdocsMigration\MplayAmdocs\REF03_Ph3_OperationalTool-api\target\test-classes;C:\Users\cevalfr\git\MplayAmdocsMigration\MplayAmdocs\REF03_Ph3_OperationalTool-api\target\classes;C:\Users\cevalfr\.m2\repository\junit\junit\4.11\junit-4.11.jar;C:\Users\cevalfr\.m2\repository\org\hamcrest\hamcrest-core\1.3\hamcrest-core-1.3.jar;C:\Users\cevalfr\.m2\repository\com\tecnotree\Tn3TDPTools\0.1-SNAPSHOT\Tn3TDPTools-0.1-SNAPSHOT.jar;C:\Users\cevalfr\.m2\repository\commons-net\commons-net\3.6\commons-net-3.6.jar;C:\Users\cevalfr\.m2\repository\com\jcraft\jsch\0.1.54\jsch-0.1.54.jar;C:\Users\cevalfr\.m2\repository\mysql\mysql-connector-java\8.0.24\mysql-connector-java-8.0.24.jar;C:\Users\cevalfr\.m2\repository\com\google\protobuf\protobuf-java\3.11.4\protobuf-java-3.11.4.jar;C:\Users\cevalfr\.m2\repository\org\mongodb\mongo-java-driver\3.12.10\mongo-java-driver-3.12.10.jar;C:\Users\cevalfr\.m2\repository\org\camunda\bpm\dmn\camunda-engine-dmn\7.17.0-alpha5\camunda-engine-dmn-7.17.0-alpha5.jar;C:\Users\cevalfr\.m2\repository\org\camunda\commons\camunda-commons-utils\1.10.0\camunda-commons-utils-1.10.0.jar;C:\Users\cevalfr\.m2\repository\org\camunda\commons\camunda-commons-typed-values\7.17.0-alpha5\camunda-commons-typed-values-7.17.0-alpha5.jar;C:\Users\cevalfr\.m2\repository\org\camunda\bpm\model\camunda-dmn-model\7.17.0-alpha5\camunda-dmn-model-7.17.0-alpha5.jar;C:\Users\cevalfr\.m2\repository\org\camunda\bpm\model\camunda-xml-model\7.17.0-alpha5\camunda-xml-model-7.17.0-alpha5.jar;C:\Users\cevalfr\.m2\repository\org\camunda\bpm\dmn\camunda-engine-feel-scala\7.17.0-alpha5\camunda-engine-feel-scala-7.17.0-alpha5.jar;C:\Users\cevalfr\.m2\repository\org\camunda\feel\feel-engine\1.13.3\feel-engine-1.13.3-scala-shaded.jar;C:\Users\cevalfr\.m2\repository\com\fasterxml\jackson\core\jackson-databind\2.13.2\jackson-databind-2.13.2.jar;C:\Users\cevalfr\.m2\repository\com\fasterxml\jackson\core\jackson-annotations\2.13.2\jackson-annotations-2.13.2.jar;C:\Users\cevalfr\.m2\repository\com\fasterxml\jackson\core\jackson-core\2.13.2\jackson-core-2.13.2.jar;C:\Users\cevalfr\.m2\repository\org\camunda\bpm\dmn\camunda-engine-feel-juel\7.17.0-alpha5\camunda-engine-feel-juel-7.17.0-alpha5.jar;C:\Users\cevalfr\.m2\repository\org\camunda\commons\camunda-commons-logging\1.10.0\camunda-commons-logging-1.10.0.jar;C:\Users\cevalfr\.m2\repository\org\slf4j\slf4j-api\1.7.26\slf4j-api-1.7.26.jar;C:\Users\cevalfr\.m2\repository\org\camunda\bpm\dmn\camunda-engine-feel-api\7.17.0-alpha5\camunda-engine-feel-api-7.17.0-alpha5.jar;C:\Users\cevalfr\.m2\repository\de\odysseus\juel\juel-api\2.2.7\juel-api-2.2.7.jar;C:\Users\cevalfr\.m2\repository\de\odysseus\juel\juel-impl\2.2.7\juel-impl-2.2.7.jar;C:\Users\cevalfr\.m2\repository\de\odysseus\juel\juel-spi\2.2.7\juel-spi-2.2.7.jar;C:\Users\cevalfr\.m2\repository\org\camunda\spin\camunda-spin-dataformat-all\1.14.0\camunda-spin-dataformat-all-1.14.0.jar;C:\Users\cevalfr\.m2\repository\org\camunda\spin\camunda-spin-core\1.14.0\camunda-spin-core-1.14.0.jar;C:\Users\cevalfr\.m2\repository\org\json\json\20220320\json-20220320.jar;C:\Users\cevalfr\.m2\repository\org\camunda\feel\feel-engine\1.13.3\feel-engine-1.13.3.jar;C:\Users\cevalfr\.m2\repository\org\scala-lang\scala-library\2.13.6\scala-library-2.13.6.jar;C:\Users\cevalfr\.m2\repository\com\lihaoyi\fastparse_2.13\2.3.2\fastparse_2.13-2.3.2.jar;C:\Users\cevalfr\.m2\repository\com\lihaoyi\sourcecode_2.13\0.2.3\sourcecode_2.13-0.2.3.jar;C:\Users\cevalfr\.m2\repository\com\lihaoyi\geny_2.13\0.6.7\geny_2.13-0.6.7.jar;C:\Users\cevalfr\.m2\repository\org\slf4j\slf4j-simple\1.7.21\slf4j-simple-1.7.21.jar;C:\Users\cevalfr\.m2\repository\org\slf4j\slf4j-jdk14\1.7.25\slf4j-jdk14-1.7.25.jar;C:\Users\cevalfr\.m2\repository\org\elasticsearch\client\elasticsearch-rest-high-level-client\6.8.17\elasticsearch-rest-high-level-client-6.8.17.jar;C:\Users\cevalfr\.m2\repository\org\elasticsearch\elasticsearch\6.8.17\elasticsearch-6.8.17.jar;C:\Users\cevalfr\.m2\repository\org\elasticsearch\elasticsearch-core\6.8.17\elasticsearch-core-6.8.17.jar;C:\Users\cevalfr\.m2\repository\org\elasticsearch\elasticsearch-secure-sm\6.8.17\elasticsearch-secure-sm-6.8.17.jar;C:\Users\cevalfr\.m2\repository\org\elasticsearch\elasticsearch-x-content\6.8.17\elasticsearch-x-content-6.8.17.jar;C:\Users\cevalfr\.m2\repository\org\yaml\snakeyaml\1.17\snakeyaml-1.17.jar;C:\Users\cevalfr\.m2\repository\com\fasterxml\jackson\dataformat\jackson-dataformat-smile\2.8.11\jackson-dataformat-smile-2.8.11.jar;C:\Users\cevalfr\.m2\repository\com\fasterxml\jackson\dataformat\jackson-dataformat-yaml\2.8.11\jackson-dataformat-yaml-2.8.11.jar;C:\Users\cevalfr\.m2\repository\com\fasterxml\jackson\dataformat\jackson-dataformat-cbor\2.8.11\jackson-dataformat-cbor-2.8.11.jar;C:\Users\cevalfr\.m2\repository\org\apache\lucene\lucene-core\7.7.3\lucene-core-7.7.3.jar;C:\Users\cevalfr\.m2\repository\org\apache\lucene\lucene-analyzers-common\7.7.3\lucene-analyzers-common-7.7.3.jar;C:\Users\cevalfr\.m2\repository\org\apache\lucene\lucene-backward-codecs\7.7.3\lucene-backward-codecs-7.7.3.jar;C:\Users\cevalfr\.m2\repository\org\apache\lucene\lucene-grouping\7.7.3\lucene-grouping-7.7.3.jar;C:\Users\cevalfr\.m2\repository\org\apache\lucene\lucene-highlighter\7.7.3\lucene-highlighter-7.7.3.jar;C:\Users\cevalfr\.m2\repository\org\apache\lucene\lucene-join\7.7.3\lucene-join-7.7.3.jar;C:\Users\cevalfr\.m2\repository\org\apache\lucene\lucene-memory\7.7.3\lucene-memory-7.7.3.jar;C:\Users\cevalfr\.m2\repository\org\apache\lucene\lucene-misc\7.7.3\lucene-misc-7.7.3.jar;C:\Users\cevalfr\.m2\repository\org\apache\lucene\lucene-queries\7.7.3\lucene-queries-7.7.3.jar;C:\Users\cevalfr\.m2\repository\org\apache\lucene\lucene-queryparser\7.7.3\lucene-queryparser-7.7.3.jar;C:\Users\cevalfr\.m2\repository\org\apache\lucene\lucene-sandbox\7.7.3\lucene-sandbox-7.7.3.jar;C:\Users\cevalfr\.m2\repository\org\apache\lucene\lucene-spatial\7.7.3\lucene-spatial-7.7.3.jar;C:\Users\cevalfr\.m2\repository\org\apache\lucene\lucene-spatial-extras\7.7.3\lucene-spatial-extras-7.7.3.jar;C:\Users\cevalfr\.m2\repository\org\apache\lucene\lucene-spatial3d\7.7.3\lucene-spatial3d-7.7.3.jar;C:\Users\cevalfr\.m2\repository\org\apache\lucene\lucene-suggest\7.7.3\lucene-suggest-7.7.3.jar;C:\Users\cevalfr\.m2\repository\org\elasticsearch\elasticsearch-cli\6.8.17\elasticsearch-cli-6.8.17.jar;C:\Users\cevalfr\.m2\repository\net\sf\jopt-simple\jopt-simple\5.0.2\jopt-simple-5.0.2.jar;C:\Users\cevalfr\.m2\repository\com\carrotsearch\hppc\0.7.1\hppc-0.7.1.jar;C:\Users\cevalfr\.m2\repository\joda-time\joda-time\2.10.10\joda-time-2.10.10.jar;C:\Users\cevalfr\.m2\repository\com\tdunning\t-digest\3.2\t-digest-3.2.jar;C:\Users\cevalfr\.m2\repository\org\hdrhistogram\HdrHistogram\2.1.9\HdrHistogram-2.1.9.jar;C:\Users\cevalfr\.m2\repository\org\elasticsearch\jna\5.5.0\jna-5.5.0.jar;C:\Users\cevalfr\.m2\repository\org\elasticsearch\client\elasticsearch-rest-client\6.8.17\elasticsearch-rest-client-6.8.17.jar;C:\Users\cevalfr\.m2\repository\org\apache\httpcomponents\httpclient\4.5.2\httpclient-4.5.2.jar;C:\Users\cevalfr\.m2\repository\org\apache\httpcomponents\httpcore\4.4.5\httpcore-4.4.5.jar;C:\Users\cevalfr\.m2\repository\org\apache\httpcomponents\httpasyncclient\4.1.2\httpasyncclient-4.1.2.jar;C:\Users\cevalfr\.m2\repository\org\apache\httpcomponents\httpcore-nio\4.4.5\httpcore-nio-4.4.5.jar;C:\Users\cevalfr\.m2\repository\commons-codec\commons-codec\1.10\commons-codec-1.10.jar;C:\Users\cevalfr\.m2\repository\commons-logging\commons-logging\1.1.3\commons-logging-1.1.3.jar;C:\Users\cevalfr\.m2\repository\org\elasticsearch\plugin\parent-join-client\6.8.17\parent-join-client-6.8.17.jar;C:\Users\cevalfr\.m2\repository\org\elasticsearch\plugin\aggs-matrix-stats-client\6.8.17\aggs-matrix-stats-client-6.8.17.jar;C:\Users\cevalfr\.m2\repository\org\elasticsearch\plugin\rank-eval-client\6.8.17\rank-eval-client-6.8.17.jar;C:\Users\cevalfr\.m2\repository\org\elasticsearch\plugin\lang-mustache-client\6.8.17\lang-mustache-client-6.8.17.jar;C:\Users\cevalfr\.m2\repository\com\github\spullara\mustache\java\compiler\0.9.3\compiler-0.9.3.jar;C:\Users\cevalfr\.m2\repository\org\apache\logging\log4j\log4j-core\2.11.1\log4j-core-2.11.1.jar;C:\Users\cevalfr\.m2\repository\org\apache\logging\log4j\log4j-api\2.11.1\log4j-api-2.11.1.jar;C:\Users\cevalfr\.m2\repository\com\google\code\gson\gson\2.8.7\gson-2.8.7.jar;"/>
    <property name="sun.cpu.endian" value="little"/>
    <property name="user.home" value="C:\Users\cevalfr"/>
    <property name="user.language" value="en"/>
    <property name="java.specification.vendor" value="Oracle Corporation"/>
    <property name="java.version.date" value="2021-04-20"/>
    <property name="java.home" value="C:\Program Files\Java\jdk-16.0.1"/>
    <property name="file.separator" value="\"/>
    <property name="basedir" value="C:\Users\cevalfr\git\MplayAmdocsMigration\MplayAmdocs\REF03_Ph3_OperationalTool-api"/>
    <property name="java.vm.compressedOopsMode" value="Zero based"/>
    <property name="line.separator" value="&#10;"/>
    <property name="java.vm.specification.vendor" value="Oracle Corporation"/>
    <property name="java.specification.name" value="Java Platform API Specification"/>
    <property name="surefire.real.class.path" value="C:\Users\cevalfr\AppData\Local\Temp\surefire3007611800886133527\surefirebooter6749148955654213268.jar"/>
    <property name="user.script" value=""/>
    <property name="sun.management.compiler" value="HotSpot 64-Bit Tiered Compilers"/>
    <property name="java.runtime.version" value="16.0.1+9-24"/>
    <property name="user.name" value="cevalfr"/>
    <property name="path.separator" value=";"/>
    <property name="os.version" value="10.0"/>
    <property name="java.runtime.name" value="Java(TM) SE Runtime Environment"/>
    <property name="file.encoding" value="Cp1252"/>
    <property name="java.vm.name" value="Java HotSpot(TM) 64-Bit Server VM"/>
    <property name="localRepository" value="C:\Users\cevalfr\.m2\repository"/>
    <property name="java.vendor.url.bug" value="https://bugreport.java.com/bugreport/"/>
    <property name="java.io.tmpdir" value="C:\Users\cevalfr\AppData\Local\Temp\"/>
    <property name="java.version" value="16.0.1"/>
    <property name="user.dir" value="C:\Users\cevalfr\git\MplayAmdocsMigration\MplayAmdocs\REF03_Ph3_OperationalTool-api"/>
    <property name="os.arch" value="amd64"/>
    <property name="java.vm.specification.name" value="Java Virtual Machine Specification"/>
    <property name="sun.os.patch.level" value=""/>
    <property name="java.library.path" value="C:\Program Files\Java\jdk-16.0.1\bin;C:\WINDOWS\Sun\Java\bin;C:\WINDOWS\system32;C:\WINDOWS;C:\Program Files (x86)\RSA SecurID Token Common;C:\Program Files\RSA SecurID Token Common;C:\Program Files\Common Files\Oracle\Java\javapath;C:\Program Files (x86)\Common Files\Oracle\Java\javapath;C:\WINDOWS\system32;C:\WINDOWS;C:\WINDOWS\System32\Wbem;C:\WINDOWS\System32\WindowsPowerShell\v1.0\;C:\WINDOWS\System32\OpenSSH\;C:\Program Files (x86)\Pulse Secure\VC142.CRT\X64\;C:\Program Files (x86)\Pulse Secure\VC142.CRT\X86\;C:\Program Files (x86)\NetSarang\Xshell 7\;C:\kafka_2.13-3.0.0\bin\windows;C:\Program Files\PuTTY\;;C:\Program Files\Docker\Docker\resources\bin;C:\ProgramData\DockerDesktop\version-bin;C:\Program Files\RSA SecurID Token Common\;C:\Users\cevalfr\AppData\Local\Programs\Microsoft VS Code\bin;."/>
    <property name="java.vm.info" value="mixed mode, sharing"/>
    <property name="java.vendor" value="Oracle Corporation"/>
    <property name="java.vm.version" value="16.0.1+9-24"/>
    <property name="sun.io.unicode.encoding" value="UnicodeLittle"/>
    <property name="java.class.version" value="60.0"/>
  </properties>
  <testcase name="shouldAnswerWithTrue" classname="com.tecnotree.mplayAmdocs.AppTest" time="0.001"/>
</testsuite>